<?xml version="1.0" encoding="UTF-8"?>
<!-- Generated by org.testng.reporters.JUnitXMLReporter -->
<testsuite ignored="0" hostname="LAPTOP-P3LP6Q63" failures="0" tests="3" name="Default test" time="0.134" errors="0" timestamp="18 Dec 2018 09:47:10 GMT">
  <testcase classname="com.trishana.maven.samples.TestngExample" name="test2" time="0.031"/>
  <testcase classname="com.trishana.maven.samples.TestngExample" name="testmethod" time="0.0"/>
  <testcase classname="com.trishana.maven.samples.TestngExample" name="testmethod1" time="0.0"/>
</testsuite> <!-- Default test -->
