<?xml version="1.0" encoding="UTF-8"?>
<!-- Generated by org.testng.reporters.JUnitXMLReporter -->
<testsuite ignored="0" hostname="LAPTOP-P3LP6Q63" failures="0" tests="12" name="com.trishana.maven.samples" time="0.182" errors="0" timestamp="18 Dec 2018 10:11:29 GMT">
  <testcase classname="com.trishana.maven.samples.TestngExample" name="testmethod1" time="0.042"/>
  <testcase classname="com.trishana.maven.samples.TestngExample" name="testmethod1" time="0.0"/>
  <testcase classname="com.trishana.maven.samples.TestngExample" name="testmethod1" time="0.015"/>
  <testcase classname="com.trishana.maven.samples.TestngExample" name="testmethod1" time="0.0"/>
  <testcase classname="com.trishana.maven.samples.TestngExample" name="testmethod1" time="0.016"/>
  <testcase classname="com.trishana.maven.samples.TestngExample" name="testmethod1" time="0.0"/>
  <testcase classname="com.trishana.maven.samples.TestngExample" name="testmethod1" time="0.0"/>
  <testcase classname="com.trishana.maven.samples.TestngExample" name="testmethod1" time="0.0"/>
  <testcase classname="com.trishana.maven.samples.TestngExample" name="testmethod1" time="0.0"/>
  <testcase classname="com.trishana.maven.samples.TestngExample" name="testmethod1" time="0.0"/>
  <testcase classname="com.trishana.maven.samples.TestngExample" name="testmethod2" time="0.0"/>
  <testcase classname="com.trishana.maven.samples.TestngExample" name="testmethod3" time="0.0"/>
</testsuite> <!-- com.trishana.maven.samples -->
